
*** Running vivado
    with args -log top.vds -m64 -product Vivado -mode batch -messageDb vivado.pb -notrace -source top.tcl


****** Vivado v2020.1 (64-bit)
  **** SW Build 2902540 on Wed May 27 19:54:35 MDT 2020
  **** IP Build 2902112 on Wed May 27 22:43:36 MDT 2020
    ** Copyright 1986-2020 Xilinx, Inc. All Rights Reserved.

source top.tcl -notrace
Command: synth_design -top top -part xc7a35ticpg236-1L
Starting synth_design
Attempting to get a license for feature 'Synthesis' and/or device 'xc7a35ti'
INFO: [Common 17-349] Got license for feature 'Synthesis' and/or device 'xc7a35ti'
INFO: [Device 21-403] Loading part xc7a35ticpg236-1L
INFO: [Synth 8-7079] Multithreading enabled for synth_design using a maximum of 4 processes.
INFO: [Synth 8-7078] Launching helper process for spawning children vivado processes
INFO: [Synth 8-7075] Helper process launched with PID 25225
---------------------------------------------------------------------------------
Starting RTL Elaboration : Time (s): cpu = 00:00:04 ; elapsed = 00:00:05 . Memory (MB): peak = 2185.363 ; gain = 0.000 ; free physical = 15016 ; free virtual = 19675
---------------------------------------------------------------------------------
INFO: [Synth 8-6157] synthesizing module 'top' [/home/adamdunc/repos/whs/Vivado_P2_calculator_simple/Vivado_P2_calculator_simple.srcs/sources_1/imports/Vivado_P2_calculator/top.v:3]
INFO: [Synth 8-6155] done synthesizing module 'top' (1#1) [/home/adamdunc/repos/whs/Vivado_P2_calculator_simple/Vivado_P2_calculator_simple.srcs/sources_1/imports/Vivado_P2_calculator/top.v:3]
---------------------------------------------------------------------------------
Finished RTL Elaboration : Time (s): cpu = 00:00:04 ; elapsed = 00:00:06 . Memory (MB): peak = 2185.363 ; gain = 0.000 ; free physical = 15080 ; free virtual = 19740
---------------------------------------------------------------------------------
---------------------------------------------------------------------------------
Start Handling Custom Attributes
---------------------------------------------------------------------------------
---------------------------------------------------------------------------------
Finished Handling Custom Attributes : Time (s): cpu = 00:00:05 ; elapsed = 00:00:06 . Memory (MB): peak = 2185.363 ; gain = 0.000 ; free physical = 15077 ; free virtual = 19737
---------------------------------------------------------------------------------
---------------------------------------------------------------------------------
Finished RTL Optimization Phase 1 : Time (s): cpu = 00:00:05 ; elapsed = 00:00:06 . Memory (MB): peak = 2185.363 ; gain = 0.000 ; free physical = 15077 ; free virtual = 19737
---------------------------------------------------------------------------------
Netlist sorting complete. Time (s): cpu = 00:00:00 ; elapsed = 00:00:00 . Memory (MB): peak = 2185.363 ; gain = 0.000 ; free physical = 15070 ; free virtual = 19730
INFO: [Project 1-570] Preparing netlist for logic optimization

Processing XDC Constraints
Initializing timing engine
Parsing XDC File [/home/adamdunc/repos/whs/Vivado_P2_calculator_simple/Vivado_P2_calculator_simple.srcs/constrs_1/imports/Vivado_P2_calculator/top.xdc]
WARNING: [Vivado 12-584] No ports matched 'btnC'. [/home/adamdunc/repos/whs/Vivado_P2_calculator_simple/Vivado_P2_calculator_simple.srcs/constrs_1/imports/Vivado_P2_calculator/top.xdc:76]
CRITICAL WARNING: [Common 17-55] 'set_property' expects at least one object. [/home/adamdunc/repos/whs/Vivado_P2_calculator_simple/Vivado_P2_calculator_simple.srcs/constrs_1/imports/Vivado_P2_calculator/top.xdc:76]
Resolution: If [get_<value>] was used to populate the object, check to make sure this command returns at least one valid object.
WARNING: [Vivado 12-584] No ports matched 'btnC'. [/home/adamdunc/repos/whs/Vivado_P2_calculator_simple/Vivado_P2_calculator_simple.srcs/constrs_1/imports/Vivado_P2_calculator/top.xdc:77]
CRITICAL WARNING: [Common 17-55] 'set_property' expects at least one object. [/home/adamdunc/repos/whs/Vivado_P2_calculator_simple/Vivado_P2_calculator_simple.srcs/constrs_1/imports/Vivado_P2_calculator/top.xdc:77]
Resolution: If [get_<value>] was used to populate the object, check to make sure this command returns at least one valid object.
WARNING: [Vivado 12-584] No ports matched 'btnU'. [/home/adamdunc/repos/whs/Vivado_P2_calculator_simple/Vivado_P2_calculator_simple.srcs/constrs_1/imports/Vivado_P2_calculator/top.xdc:78]
CRITICAL WARNING: [Common 17-55] 'set_property' expects at least one object. [/home/adamdunc/repos/whs/Vivado_P2_calculator_simple/Vivado_P2_calculator_simple.srcs/constrs_1/imports/Vivado_P2_calculator/top.xdc:78]
Resolution: If [get_<value>] was used to populate the object, check to make sure this command returns at least one valid object.
WARNING: [Vivado 12-584] No ports matched 'btnU'. [/home/adamdunc/repos/whs/Vivado_P2_calculator_simple/Vivado_P2_calculator_simple.srcs/constrs_1/imports/Vivado_P2_calculator/top.xdc:79]
CRITICAL WARNING: [Common 17-55] 'set_property' expects at least one object. [/home/adamdunc/repos/whs/Vivado_P2_calculator_simple/Vivado_P2_calculator_simple.srcs/constrs_1/imports/Vivado_P2_calculator/top.xdc:79]
Resolution: If [get_<value>] was used to populate the object, check to make sure this command returns at least one valid object.
WARNING: [Vivado 12-584] No ports matched 'btnL'. [/home/adamdunc/repos/whs/Vivado_P2_calculator_simple/Vivado_P2_calculator_simple.srcs/constrs_1/imports/Vivado_P2_calculator/top.xdc:80]
CRITICAL WARNING: [Common 17-55] 'set_property' expects at least one object. [/home/adamdunc/repos/whs/Vivado_P2_calculator_simple/Vivado_P2_calculator_simple.srcs/constrs_1/imports/Vivado_P2_calculator/top.xdc:80]
Resolution: If [get_<value>] was used to populate the object, check to make sure this command returns at least one valid object.
WARNING: [Vivado 12-584] No ports matched 'btnL'. [/home/adamdunc/repos/whs/Vivado_P2_calculator_simple/Vivado_P2_calculator_simple.srcs/constrs_1/imports/Vivado_P2_calculator/top.xdc:81]
CRITICAL WARNING: [Common 17-55] 'set_property' expects at least one object. [/home/adamdunc/repos/whs/Vivado_P2_calculator_simple/Vivado_P2_calculator_simple.srcs/constrs_1/imports/Vivado_P2_calculator/top.xdc:81]
Resolution: If [get_<value>] was used to populate the object, check to make sure this command returns at least one valid object.
WARNING: [Vivado 12-584] No ports matched 'btnR'. [/home/adamdunc/repos/whs/Vivado_P2_calculator_simple/Vivado_P2_calculator_simple.srcs/constrs_1/imports/Vivado_P2_calculator/top.xdc:82]
CRITICAL WARNING: [Common 17-55] 'set_property' expects at least one object. [/home/adamdunc/repos/whs/Vivado_P2_calculator_simple/Vivado_P2_calculator_simple.srcs/constrs_1/imports/Vivado_P2_calculator/top.xdc:82]
Resolution: If [get_<value>] was used to populate the object, check to make sure this command returns at least one valid object.
WARNING: [Vivado 12-584] No ports matched 'btnR'. [/home/adamdunc/repos/whs/Vivado_P2_calculator_simple/Vivado_P2_calculator_simple.srcs/constrs_1/imports/Vivado_P2_calculator/top.xdc:83]
CRITICAL WARNING: [Common 17-55] 'set_property' expects at least one object. [/home/adamdunc/repos/whs/Vivado_P2_calculator_simple/Vivado_P2_calculator_simple.srcs/constrs_1/imports/Vivado_P2_calculator/top.xdc:83]
Resolution: If [get_<value>] was used to populate the object, check to make sure this command returns at least one valid object.
WARNING: [Vivado 12-584] No ports matched 'btnD'. [/home/adamdunc/repos/whs/Vivado_P2_calculator_simple/Vivado_P2_calculator_simple.srcs/constrs_1/imports/Vivado_P2_calculator/top.xdc:84]
CRITICAL WARNING: [Common 17-55] 'set_property' expects at least one object. [/home/adamdunc/repos/whs/Vivado_P2_calculator_simple/Vivado_P2_calculator_simple.srcs/constrs_1/imports/Vivado_P2_calculator/top.xdc:84]
Resolution: If [get_<value>] was used to populate the object, check to make sure this command returns at least one valid object.
WARNING: [Vivado 12-584] No ports matched 'btnD'. [/home/adamdunc/repos/whs/Vivado_P2_calculator_simple/Vivado_P2_calculator_simple.srcs/constrs_1/imports/Vivado_P2_calculator/top.xdc:85]
CRITICAL WARNING: [Common 17-55] 'set_property' expects at least one object. [/home/adamdunc/repos/whs/Vivado_P2_calculator_simple/Vivado_P2_calculator_simple.srcs/constrs_1/imports/Vivado_P2_calculator/top.xdc:85]
Resolution: If [get_<value>] was used to populate the object, check to make sure this command returns at least one valid object.
WARNING: [Vivado 12-584] No ports matched 'SSEG_CA[0]'. [/home/adamdunc/repos/whs/Vivado_P2_calculator_simple/Vivado_P2_calculator_simple.srcs/constrs_1/imports/Vivado_P2_calculator/top.xdc:89]
CRITICAL WARNING: [Common 17-55] 'set_property' expects at least one object. [/home/adamdunc/repos/whs/Vivado_P2_calculator_simple/Vivado_P2_calculator_simple.srcs/constrs_1/imports/Vivado_P2_calculator/top.xdc:89]
Resolution: If [get_<value>] was used to populate the object, check to make sure this command returns at least one valid object.
WARNING: [Vivado 12-584] No ports matched 'SSEG_CA[0]'. [/home/adamdunc/repos/whs/Vivado_P2_calculator_simple/Vivado_P2_calculator_simple.srcs/constrs_1/imports/Vivado_P2_calculator/top.xdc:90]
CRITICAL WARNING: [Common 17-55] 'set_property' expects at least one object. [/home/adamdunc/repos/whs/Vivado_P2_calculator_simple/Vivado_P2_calculator_simple.srcs/constrs_1/imports/Vivado_P2_calculator/top.xdc:90]
Resolution: If [get_<value>] was used to populate the object, check to make sure this command returns at least one valid object.
WARNING: [Vivado 12-584] No ports matched 'SSEG_CA[1]'. [/home/adamdunc/repos/whs/Vivado_P2_calculator_simple/Vivado_P2_calculator_simple.srcs/constrs_1/imports/Vivado_P2_calculator/top.xdc:92]
CRITICAL WARNING: [Common 17-55] 'set_property' expects at least one object. [/home/adamdunc/repos/whs/Vivado_P2_calculator_simple/Vivado_P2_calculator_simple.srcs/constrs_1/imports/Vivado_P2_calculator/top.xdc:92]
Resolution: If [get_<value>] was used to populate the object, check to make sure this command returns at least one valid object.
WARNING: [Vivado 12-584] No ports matched 'SSEG_CA[1]'. [/home/adamdunc/repos/whs/Vivado_P2_calculator_simple/Vivado_P2_calculator_simple.srcs/constrs_1/imports/Vivado_P2_calculator/top.xdc:93]
CRITICAL WARNING: [Common 17-55] 'set_property' expects at least one object. [/home/adamdunc/repos/whs/Vivado_P2_calculator_simple/Vivado_P2_calculator_simple.srcs/constrs_1/imports/Vivado_P2_calculator/top.xdc:93]
Resolution: If [get_<value>] was used to populate the object, check to make sure this command returns at least one valid object.
WARNING: [Vivado 12-584] No ports matched 'SSEG_CA[2]'. [/home/adamdunc/repos/whs/Vivado_P2_calculator_simple/Vivado_P2_calculator_simple.srcs/constrs_1/imports/Vivado_P2_calculator/top.xdc:95]
CRITICAL WARNING: [Common 17-55] 'set_property' expects at least one object. [/home/adamdunc/repos/whs/Vivado_P2_calculator_simple/Vivado_P2_calculator_simple.srcs/constrs_1/imports/Vivado_P2_calculator/top.xdc:95]
Resolution: If [get_<value>] was used to populate the object, check to make sure this command returns at least one valid object.
WARNING: [Vivado 12-584] No ports matched 'SSEG_CA[2]'. [/home/adamdunc/repos/whs/Vivado_P2_calculator_simple/Vivado_P2_calculator_simple.srcs/constrs_1/imports/Vivado_P2_calculator/top.xdc:96]
CRITICAL WARNING: [Common 17-55] 'set_property' expects at least one object. [/home/adamdunc/repos/whs/Vivado_P2_calculator_simple/Vivado_P2_calculator_simple.srcs/constrs_1/imports/Vivado_P2_calculator/top.xdc:96]
Resolution: If [get_<value>] was used to populate the object, check to make sure this command returns at least one valid object.
WARNING: [Vivado 12-584] No ports matched 'SSEG_CA[3]'. [/home/adamdunc/repos/whs/Vivado_P2_calculator_simple/Vivado_P2_calculator_simple.srcs/constrs_1/imports/Vivado_P2_calculator/top.xdc:98]
CRITICAL WARNING: [Common 17-55] 'set_property' expects at least one object. [/home/adamdunc/repos/whs/Vivado_P2_calculator_simple/Vivado_P2_calculator_simple.srcs/constrs_1/imports/Vivado_P2_calculator/top.xdc:98]
Resolution: If [get_<value>] was used to populate the object, check to make sure this command returns at least one valid object.
WARNING: [Vivado 12-584] No ports matched 'SSEG_CA[3]'. [/home/adamdunc/repos/whs/Vivado_P2_calculator_simple/Vivado_P2_calculator_simple.srcs/constrs_1/imports/Vivado_P2_calculator/top.xdc:99]
CRITICAL WARNING: [Common 17-55] 'set_property' expects at least one object. [/home/adamdunc/repos/whs/Vivado_P2_calculator_simple/Vivado_P2_calculator_simple.srcs/constrs_1/imports/Vivado_P2_calculator/top.xdc:99]
Resolution: If [get_<value>] was used to populate the object, check to make sure this command returns at least one valid object.
WARNING: [Vivado 12-584] No ports matched 'SSEG_CA[4]'. [/home/adamdunc/repos/whs/Vivado_P2_calculator_simple/Vivado_P2_calculator_simple.srcs/constrs_1/imports/Vivado_P2_calculator/top.xdc:101]
CRITICAL WARNING: [Common 17-55] 'set_property' expects at least one object. [/home/adamdunc/repos/whs/Vivado_P2_calculator_simple/Vivado_P2_calculator_simple.srcs/constrs_1/imports/Vivado_P2_calculator/top.xdc:101]
Resolution: If [get_<value>] was used to populate the object, check to make sure this command returns at least one valid object.
WARNING: [Vivado 12-584] No ports matched 'SSEG_CA[4]'. [/home/adamdunc/repos/whs/Vivado_P2_calculator_simple/Vivado_P2_calculator_simple.srcs/constrs_1/imports/Vivado_P2_calculator/top.xdc:102]
CRITICAL WARNING: [Common 17-55] 'set_property' expects at least one object. [/home/adamdunc/repos/whs/Vivado_P2_calculator_simple/Vivado_P2_calculator_simple.srcs/constrs_1/imports/Vivado_P2_calculator/top.xdc:102]
Resolution: If [get_<value>] was used to populate the object, check to make sure this command returns at least one valid object.
WARNING: [Vivado 12-584] No ports matched 'SSEG_CA[5]'. [/home/adamdunc/repos/whs/Vivado_P2_calculator_simple/Vivado_P2_calculator_simple.srcs/constrs_1/imports/Vivado_P2_calculator/top.xdc:104]
CRITICAL WARNING: [Common 17-55] 'set_property' expects at least one object. [/home/adamdunc/repos/whs/Vivado_P2_calculator_simple/Vivado_P2_calculator_simple.srcs/constrs_1/imports/Vivado_P2_calculator/top.xdc:104]
Resolution: If [get_<value>] was used to populate the object, check to make sure this command returns at least one valid object.
WARNING: [Vivado 12-584] No ports matched 'SSEG_CA[5]'. [/home/adamdunc/repos/whs/Vivado_P2_calculator_simple/Vivado_P2_calculator_simple.srcs/constrs_1/imports/Vivado_P2_calculator/top.xdc:105]
CRITICAL WARNING: [Common 17-55] 'set_property' expects at least one object. [/home/adamdunc/repos/whs/Vivado_P2_calculator_simple/Vivado_P2_calculator_simple.srcs/constrs_1/imports/Vivado_P2_calculator/top.xdc:105]
Resolution: If [get_<value>] was used to populate the object, check to make sure this command returns at least one valid object.
WARNING: [Vivado 12-584] No ports matched 'SSEG_CA[6]'. [/home/adamdunc/repos/whs/Vivado_P2_calculator_simple/Vivado_P2_calculator_simple.srcs/constrs_1/imports/Vivado_P2_calculator/top.xdc:107]
CRITICAL WARNING: [Common 17-55] 'set_property' expects at least one object. [/home/adamdunc/repos/whs/Vivado_P2_calculator_simple/Vivado_P2_calculator_simple.srcs/constrs_1/imports/Vivado_P2_calculator/top.xdc:107]
Resolution: If [get_<value>] was used to populate the object, check to make sure this command returns at least one valid object.
WARNING: [Vivado 12-584] No ports matched 'SSEG_CA[6]'. [/home/adamdunc/repos/whs/Vivado_P2_calculator_simple/Vivado_P2_calculator_simple.srcs/constrs_1/imports/Vivado_P2_calculator/top.xdc:108]
CRITICAL WARNING: [Common 17-55] 'set_property' expects at least one object. [/home/adamdunc/repos/whs/Vivado_P2_calculator_simple/Vivado_P2_calculator_simple.srcs/constrs_1/imports/Vivado_P2_calculator/top.xdc:108]
Resolution: If [get_<value>] was used to populate the object, check to make sure this command returns at least one valid object.
WARNING: [Vivado 12-584] No ports matched 'SSEG_CA[7]'. [/home/adamdunc/repos/whs/Vivado_P2_calculator_simple/Vivado_P2_calculator_simple.srcs/constrs_1/imports/Vivado_P2_calculator/top.xdc:111]
CRITICAL WARNING: [Common 17-55] 'set_property' expects at least one object. [/home/adamdunc/repos/whs/Vivado_P2_calculator_simple/Vivado_P2_calculator_simple.srcs/constrs_1/imports/Vivado_P2_calculator/top.xdc:111]
Resolution: If [get_<value>] was used to populate the object, check to make sure this command returns at least one valid object.
WARNING: [Vivado 12-584] No ports matched 'SSEG_CA[7]'. [/home/adamdunc/repos/whs/Vivado_P2_calculator_simple/Vivado_P2_calculator_simple.srcs/constrs_1/imports/Vivado_P2_calculator/top.xdc:112]
CRITICAL WARNING: [Common 17-55] 'set_property' expects at least one object. [/home/adamdunc/repos/whs/Vivado_P2_calculator_simple/Vivado_P2_calculator_simple.srcs/constrs_1/imports/Vivado_P2_calculator/top.xdc:112]
Resolution: If [get_<value>] was used to populate the object, check to make sure this command returns at least one valid object.
WARNING: [Vivado 12-584] No ports matched 'SSEG_AN[0]'. [/home/adamdunc/repos/whs/Vivado_P2_calculator_simple/Vivado_P2_calculator_simple.srcs/constrs_1/imports/Vivado_P2_calculator/top.xdc:115]
CRITICAL WARNING: [Common 17-55] 'set_property' expects at least one object. [/home/adamdunc/repos/whs/Vivado_P2_calculator_simple/Vivado_P2_calculator_simple.srcs/constrs_1/imports/Vivado_P2_calculator/top.xdc:115]
Resolution: If [get_<value>] was used to populate the object, check to make sure this command returns at least one valid object.
WARNING: [Vivado 12-584] No ports matched 'SSEG_AN[0]'. [/home/adamdunc/repos/whs/Vivado_P2_calculator_simple/Vivado_P2_calculator_simple.srcs/constrs_1/imports/Vivado_P2_calculator/top.xdc:116]
CRITICAL WARNING: [Common 17-55] 'set_property' expects at least one object. [/home/adamdunc/repos/whs/Vivado_P2_calculator_simple/Vivado_P2_calculator_simple.srcs/constrs_1/imports/Vivado_P2_calculator/top.xdc:116]
Resolution: If [get_<value>] was used to populate the object, check to make sure this command returns at least one valid object.
WARNING: [Vivado 12-584] No ports matched 'SSEG_AN[1]'. [/home/adamdunc/repos/whs/Vivado_P2_calculator_simple/Vivado_P2_calculator_simple.srcs/constrs_1/imports/Vivado_P2_calculator/top.xdc:118]
CRITICAL WARNING: [Common 17-55] 'set_property' expects at least one object. [/home/adamdunc/repos/whs/Vivado_P2_calculator_simple/Vivado_P2_calculator_simple.srcs/constrs_1/imports/Vivado_P2_calculator/top.xdc:118]
Resolution: If [get_<value>] was used to populate the object, check to make sure this command returns at least one valid object.
WARNING: [Vivado 12-584] No ports matched 'SSEG_AN[1]'. [/home/adamdunc/repos/whs/Vivado_P2_calculator_simple/Vivado_P2_calculator_simple.srcs/constrs_1/imports/Vivado_P2_calculator/top.xdc:119]
CRITICAL WARNING: [Common 17-55] 'set_property' expects at least one object. [/home/adamdunc/repos/whs/Vivado_P2_calculator_simple/Vivado_P2_calculator_simple.srcs/constrs_1/imports/Vivado_P2_calculator/top.xdc:119]
Resolution: If [get_<value>] was used to populate the object, check to make sure this command returns at least one valid object.
WARNING: [Vivado 12-584] No ports matched 'SSEG_AN[2]'. [/home/adamdunc/repos/whs/Vivado_P2_calculator_simple/Vivado_P2_calculator_simple.srcs/constrs_1/imports/Vivado_P2_calculator/top.xdc:121]
CRITICAL WARNING: [Common 17-55] 'set_property' expects at least one object. [/home/adamdunc/repos/whs/Vivado_P2_calculator_simple/Vivado_P2_calculator_simple.srcs/constrs_1/imports/Vivado_P2_calculator/top.xdc:121]
Resolution: If [get_<value>] was used to populate the object, check to make sure this command returns at least one valid object.
WARNING: [Vivado 12-584] No ports matched 'SSEG_AN[2]'. [/home/adamdunc/repos/whs/Vivado_P2_calculator_simple/Vivado_P2_calculator_simple.srcs/constrs_1/imports/Vivado_P2_calculator/top.xdc:122]
CRITICAL WARNING: [Common 17-55] 'set_property' expects at least one object. [/home/adamdunc/repos/whs/Vivado_P2_calculator_simple/Vivado_P2_calculator_simple.srcs/constrs_1/imports/Vivado_P2_calculator/top.xdc:122]
Resolution: If [get_<value>] was used to populate the object, check to make sure this command returns at least one valid object.
WARNING: [Vivado 12-584] No ports matched 'SSEG_AN[3]'. [/home/adamdunc/repos/whs/Vivado_P2_calculator_simple/Vivado_P2_calculator_simple.srcs/constrs_1/imports/Vivado_P2_calculator/top.xdc:124]
CRITICAL WARNING: [Common 17-55] 'set_property' expects at least one object. [/home/adamdunc/repos/whs/Vivado_P2_calculator_simple/Vivado_P2_calculator_simple.srcs/constrs_1/imports/Vivado_P2_calculator/top.xdc:124]
Resolution: If [get_<value>] was used to populate the object, check to make sure this command returns at least one valid object.
WARNING: [Vivado 12-584] No ports matched 'SSEG_AN[3]'. [/home/adamdunc/repos/whs/Vivado_P2_calculator_simple/Vivado_P2_calculator_simple.srcs/constrs_1/imports/Vivado_P2_calculator/top.xdc:125]
CRITICAL WARNING: [Common 17-55] 'set_property' expects at least one object. [/home/adamdunc/repos/whs/Vivado_P2_calculator_simple/Vivado_P2_calculator_simple.srcs/constrs_1/imports/Vivado_P2_calculator/top.xdc:125]
Resolution: If [get_<value>] was used to populate the object, check to make sure this command returns at least one valid object.
Finished Parsing XDC File [/home/adamdunc/repos/whs/Vivado_P2_calculator_simple/Vivado_P2_calculator_simple.srcs/constrs_1/imports/Vivado_P2_calculator/top.xdc]
INFO: [Project 1-236] Implementation specific constraints were found while reading constraint file [/home/adamdunc/repos/whs/Vivado_P2_calculator_simple/Vivado_P2_calculator_simple.srcs/constrs_1/imports/Vivado_P2_calculator/top.xdc]. These constraints will be ignored for synthesis but will be used in implementation. Impacted constraints are listed in the file [.Xil/top_propImpl.xdc].
Resolution: To avoid this warning, move constraints listed in [.Xil/top_propImpl.xdc] to another XDC file and exclude this new file from synthesis with the used_in_synthesis property (File Properties dialog in GUI) and re-run elaboration/synthesis.
Completed Processing XDC Constraints

Netlist sorting complete. Time (s): cpu = 00:00:00 ; elapsed = 00:00:00 . Memory (MB): peak = 2249.258 ; gain = 0.000 ; free physical = 14995 ; free virtual = 19655
INFO: [Project 1-111] Unisim Transformation Summary:
No Unisim elements were transformed.

Constraint Validation Runtime : Time (s): cpu = 00:00:00 ; elapsed = 00:00:00 . Memory (MB): peak = 2249.258 ; gain = 0.000 ; free physical = 14995 ; free virtual = 19655
---------------------------------------------------------------------------------
Finished Constraint Validation : Time (s): cpu = 00:00:09 ; elapsed = 00:00:12 . Memory (MB): peak = 2249.258 ; gain = 63.895 ; free physical = 15048 ; free virtual = 19709
---------------------------------------------------------------------------------
---------------------------------------------------------------------------------
Start Loading Part and Timing Information
---------------------------------------------------------------------------------
Loading part: xc7a35ticpg236-1L
---------------------------------------------------------------------------------
Finished Loading Part and Timing Information : Time (s): cpu = 00:00:09 ; elapsed = 00:00:12 . Memory (MB): peak = 2249.258 ; gain = 63.895 ; free physical = 15048 ; free virtual = 19709
---------------------------------------------------------------------------------
---------------------------------------------------------------------------------
Start Applying 'set_property' XDC Constraints
---------------------------------------------------------------------------------
---------------------------------------------------------------------------------
Finished applying 'set_property' XDC Constraints : Time (s): cpu = 00:00:10 ; elapsed = 00:00:12 . Memory (MB): peak = 2249.258 ; gain = 63.895 ; free physical = 15051 ; free virtual = 19711
---------------------------------------------------------------------------------
---------------------------------------------------------------------------------
Finished RTL Optimization Phase 2 : Time (s): cpu = 00:00:10 ; elapsed = 00:00:12 . Memory (MB): peak = 2249.258 ; gain = 63.895 ; free physical = 15049 ; free virtual = 19710
---------------------------------------------------------------------------------
---------------------------------------------------------------------------------
Start RTL Component Statistics 
---------------------------------------------------------------------------------
Detailed RTL Component Info : 
+---Adders : 
	   2 Input    9 Bit       Adders := 1     
---------------------------------------------------------------------------------
Finished RTL Component Statistics 
---------------------------------------------------------------------------------
---------------------------------------------------------------------------------
Start Part Resource Summary
---------------------------------------------------------------------------------
Part Resources:
DSPs: 90 (col length:60)
BRAMs: 100 (col length: RAMB18 60 RAMB36 30)
---------------------------------------------------------------------------------
Finished Part Resource Summary
---------------------------------------------------------------------------------
---------------------------------------------------------------------------------
Start Cross Boundary and Area Optimization
---------------------------------------------------------------------------------
---------------------------------------------------------------------------------
Finished Cross Boundary and Area Optimization : Time (s): cpu = 00:00:10 ; elapsed = 00:00:13 . Memory (MB): peak = 2249.258 ; gain = 63.895 ; free physical = 15036 ; free virtual = 19700
---------------------------------------------------------------------------------
---------------------------------------------------------------------------------
Start Applying XDC Timing Constraints
---------------------------------------------------------------------------------
---------------------------------------------------------------------------------
Finished Applying XDC Timing Constraints : Time (s): cpu = 00:00:15 ; elapsed = 00:00:18 . Memory (MB): peak = 2249.258 ; gain = 63.895 ; free physical = 14918 ; free virtual = 19581
---------------------------------------------------------------------------------
---------------------------------------------------------------------------------
Start Timing Optimization
---------------------------------------------------------------------------------
---------------------------------------------------------------------------------
Finished Timing Optimization : Time (s): cpu = 00:00:15 ; elapsed = 00:00:18 . Memory (MB): peak = 2249.258 ; gain = 63.895 ; free physical = 14918 ; free virtual = 19581
---------------------------------------------------------------------------------
---------------------------------------------------------------------------------
Start Technology Mapping
---------------------------------------------------------------------------------
---------------------------------------------------------------------------------
Finished Technology Mapping : Time (s): cpu = 00:00:15 ; elapsed = 00:00:18 . Memory (MB): peak = 2249.258 ; gain = 63.895 ; free physical = 14918 ; free virtual = 19580
---------------------------------------------------------------------------------
---------------------------------------------------------------------------------
Start IO Insertion
---------------------------------------------------------------------------------
---------------------------------------------------------------------------------
Start Flattening Before IO Insertion
---------------------------------------------------------------------------------
---------------------------------------------------------------------------------
Finished Flattening Before IO Insertion
---------------------------------------------------------------------------------
---------------------------------------------------------------------------------
Start Final Netlist Cleanup
---------------------------------------------------------------------------------
---------------------------------------------------------------------------------
Finished Final Netlist Cleanup
---------------------------------------------------------------------------------
---------------------------------------------------------------------------------
Finished IO Insertion : Time (s): cpu = 00:00:18 ; elapsed = 00:00:21 . Memory (MB): peak = 2249.258 ; gain = 63.895 ; free physical = 14918 ; free virtual = 19580
---------------------------------------------------------------------------------
---------------------------------------------------------------------------------
Start Renaming Generated Instances
---------------------------------------------------------------------------------
---------------------------------------------------------------------------------
Finished Renaming Generated Instances : Time (s): cpu = 00:00:18 ; elapsed = 00:00:21 . Memory (MB): peak = 2249.258 ; gain = 63.895 ; free physical = 14918 ; free virtual = 19580
---------------------------------------------------------------------------------
---------------------------------------------------------------------------------
Start Rebuilding User Hierarchy
---------------------------------------------------------------------------------
---------------------------------------------------------------------------------
Finished Rebuilding User Hierarchy : Time (s): cpu = 00:00:18 ; elapsed = 00:00:21 . Memory (MB): peak = 2249.258 ; gain = 63.895 ; free physical = 14918 ; free virtual = 19580
---------------------------------------------------------------------------------
---------------------------------------------------------------------------------
Start Renaming Generated Ports
---------------------------------------------------------------------------------
---------------------------------------------------------------------------------
Finished Renaming Generated Ports : Time (s): cpu = 00:00:18 ; elapsed = 00:00:21 . Memory (MB): peak = 2249.258 ; gain = 63.895 ; free physical = 14918 ; free virtual = 19580
---------------------------------------------------------------------------------
---------------------------------------------------------------------------------
Start Handling Custom Attributes
---------------------------------------------------------------------------------
---------------------------------------------------------------------------------
Finished Handling Custom Attributes : Time (s): cpu = 00:00:18 ; elapsed = 00:00:21 . Memory (MB): peak = 2249.258 ; gain = 63.895 ; free physical = 14918 ; free virtual = 19580
---------------------------------------------------------------------------------
---------------------------------------------------------------------------------
Start Renaming Generated Nets
---------------------------------------------------------------------------------
---------------------------------------------------------------------------------
Finished Renaming Generated Nets : Time (s): cpu = 00:00:18 ; elapsed = 00:00:21 . Memory (MB): peak = 2249.258 ; gain = 63.895 ; free physical = 14918 ; free virtual = 19580
---------------------------------------------------------------------------------
---------------------------------------------------------------------------------
Start Writing Synthesis Report
---------------------------------------------------------------------------------

Report BlackBoxes: 
+-+--------------+----------+
| |BlackBox name |Instances |
+-+--------------+----------+
+-+--------------+----------+

Report Cell Usage: 
+------+-------+------+
|      |Cell   |Count |
+------+-------+------+
|1     |CARRY4 |     3|
|2     |LUT2   |     8|
|3     |IBUF   |    16|
|4     |OBUF   |    16|
+------+-------+------+
---------------------------------------------------------------------------------
Finished Writing Synthesis Report : Time (s): cpu = 00:00:18 ; elapsed = 00:00:21 . Memory (MB): peak = 2249.258 ; gain = 63.895 ; free physical = 14918 ; free virtual = 19580
---------------------------------------------------------------------------------
Synthesis finished with 0 errors, 0 critical warnings and 0 warnings.
Synthesis Optimization Runtime : Time (s): cpu = 00:00:17 ; elapsed = 00:00:20 . Memory (MB): peak = 2249.258 ; gain = 0.000 ; free physical = 14969 ; free virtual = 19632
Synthesis Optimization Complete : Time (s): cpu = 00:00:18 ; elapsed = 00:00:21 . Memory (MB): peak = 2249.258 ; gain = 63.895 ; free physical = 14969 ; free virtual = 19632
INFO: [Project 1-571] Translating synthesized netlist
Netlist sorting complete. Time (s): cpu = 00:00:00 ; elapsed = 00:00:00 . Memory (MB): peak = 2249.258 ; gain = 0.000 ; free physical = 15041 ; free virtual = 19704
INFO: [Netlist 29-17] Analyzing 3 Unisim elements for replacement
INFO: [Netlist 29-28] Unisim Transformation completed in 0 CPU seconds
INFO: [Project 1-570] Preparing netlist for logic optimization
INFO: [Opt 31-138] Pushed 0 inverter(s) to 0 load pin(s).
Netlist sorting complete. Time (s): cpu = 00:00:00 ; elapsed = 00:00:00 . Memory (MB): peak = 2249.258 ; gain = 0.000 ; free physical = 14991 ; free virtual = 19654
INFO: [Project 1-111] Unisim Transformation Summary:
No Unisim elements were transformed.

INFO: [Common 17-83] Releasing license: Synthesis
17 Infos, 34 Warnings, 34 Critical Warnings and 0 Errors encountered.
synth_design completed successfully
synth_design: Time (s): cpu = 00:00:26 ; elapsed = 00:00:26 . Memory (MB): peak = 2249.258 ; gain = 72.242 ; free physical = 15124 ; free virtual = 19787
INFO: [Common 17-1381] The checkpoint '/home/adamdunc/repos/whs/Vivado_P2_calculator_simple/Vivado_P2_calculator_simple.runs/synth_1/top.dcp' has been generated.
INFO: [runtcl-4] Executing : report_utilization -file top_utilization_synth.rpt -pb top_utilization_synth.pb
INFO: [Common 17-206] Exiting Vivado at Fri Apr  2 12:19:41 2021...
