
*** Running vivado
    with args -log top.vdi -applog -m64 -product Vivado -messageDb vivado.pb -mode batch -source top.tcl -notrace


****** Vivado v2020.1 (64-bit)
  **** SW Build 2902540 on Wed May 27 19:54:35 MDT 2020
  **** IP Build 2902112 on Wed May 27 22:43:36 MDT 2020
    ** Copyright 1986-2020 Xilinx, Inc. All Rights Reserved.

source top.tcl -notrace
Command: link_design -top top -part xc7a35ticpg236-1L
Design is defaulting to srcset: sources_1
Design is defaulting to constrset: constrs_1
INFO: [Device 21-403] Loading part xc7a35ticpg236-1L
Netlist sorting complete. Time (s): cpu = 00:00:00 ; elapsed = 00:00:00 . Memory (MB): peak = 2185.363 ; gain = 0.000 ; free physical = 15338 ; free virtual = 19998
INFO: [Netlist 29-17] Analyzing 3 Unisim elements for replacement
INFO: [Netlist 29-28] Unisim Transformation completed in 0 CPU seconds
INFO: [Project 1-479] Netlist was created with Vivado 2020.1
INFO: [Project 1-570] Preparing netlist for logic optimization
Parsing XDC File [/home/adamdunc/repos/whs/Vivado_P2_calculator_simple/Vivado_P2_calculator_simple.srcs/constrs_1/imports/Vivado_P2_calculator/top.xdc]
WARNING: [Vivado 12-584] No ports matched 'btnC'. [/home/adamdunc/repos/whs/Vivado_P2_calculator_simple/Vivado_P2_calculator_simple.srcs/constrs_1/imports/Vivado_P2_calculator/top.xdc:76]
CRITICAL WARNING: [Common 17-55] 'set_property' expects at least one object. [/home/adamdunc/repos/whs/Vivado_P2_calculator_simple/Vivado_P2_calculator_simple.srcs/constrs_1/imports/Vivado_P2_calculator/top.xdc:76]
Resolution: If [get_<value>] was used to populate the object, check to make sure this command returns at least one valid object.
WARNING: [Vivado 12-584] No ports matched 'btnC'. [/home/adamdunc/repos/whs/Vivado_P2_calculator_simple/Vivado_P2_calculator_simple.srcs/constrs_1/imports/Vivado_P2_calculator/top.xdc:77]
CRITICAL WARNING: [Common 17-55] 'set_property' expects at least one object. [/home/adamdunc/repos/whs/Vivado_P2_calculator_simple/Vivado_P2_calculator_simple.srcs/constrs_1/imports/Vivado_P2_calculator/top.xdc:77]
Resolution: If [get_<value>] was used to populate the object, check to make sure this command returns at least one valid object.
WARNING: [Vivado 12-584] No ports matched 'btnU'. [/home/adamdunc/repos/whs/Vivado_P2_calculator_simple/Vivado_P2_calculator_simple.srcs/constrs_1/imports/Vivado_P2_calculator/top.xdc:78]
CRITICAL WARNING: [Common 17-55] 'set_property' expects at least one object. [/home/adamdunc/repos/whs/Vivado_P2_calculator_simple/Vivado_P2_calculator_simple.srcs/constrs_1/imports/Vivado_P2_calculator/top.xdc:78]
Resolution: If [get_<value>] was used to populate the object, check to make sure this command returns at least one valid object.
WARNING: [Vivado 12-584] No ports matched 'btnU'. [/home/adamdunc/repos/whs/Vivado_P2_calculator_simple/Vivado_P2_calculator_simple.srcs/constrs_1/imports/Vivado_P2_calculator/top.xdc:79]
CRITICAL WARNING: [Common 17-55] 'set_property' expects at least one object. [/home/adamdunc/repos/whs/Vivado_P2_calculator_simple/Vivado_P2_calculator_simple.srcs/constrs_1/imports/Vivado_P2_calculator/top.xdc:79]
Resolution: If [get_<value>] was used to populate the object, check to make sure this command returns at least one valid object.
WARNING: [Vivado 12-584] No ports matched 'btnL'. [/home/adamdunc/repos/whs/Vivado_P2_calculator_simple/Vivado_P2_calculator_simple.srcs/constrs_1/imports/Vivado_P2_calculator/top.xdc:80]
CRITICAL WARNING: [Common 17-55] 'set_property' expects at least one object. [/home/adamdunc/repos/whs/Vivado_P2_calculator_simple/Vivado_P2_calculator_simple.srcs/constrs_1/imports/Vivado_P2_calculator/top.xdc:80]
Resolution: If [get_<value>] was used to populate the object, check to make sure this command returns at least one valid object.
WARNING: [Vivado 12-584] No ports matched 'btnL'. [/home/adamdunc/repos/whs/Vivado_P2_calculator_simple/Vivado_P2_calculator_simple.srcs/constrs_1/imports/Vivado_P2_calculator/top.xdc:81]
CRITICAL WARNING: [Common 17-55] 'set_property' expects at least one object. [/home/adamdunc/repos/whs/Vivado_P2_calculator_simple/Vivado_P2_calculator_simple.srcs/constrs_1/imports/Vivado_P2_calculator/top.xdc:81]
Resolution: If [get_<value>] was used to populate the object, check to make sure this command returns at least one valid object.
WARNING: [Vivado 12-584] No ports matched 'btnR'. [/home/adamdunc/repos/whs/Vivado_P2_calculator_simple/Vivado_P2_calculator_simple.srcs/constrs_1/imports/Vivado_P2_calculator/top.xdc:82]
CRITICAL WARNING: [Common 17-55] 'set_property' expects at least one object. [/home/adamdunc/repos/whs/Vivado_P2_calculator_simple/Vivado_P2_calculator_simple.srcs/constrs_1/imports/Vivado_P2_calculator/top.xdc:82]
Resolution: If [get_<value>] was used to populate the object, check to make sure this command returns at least one valid object.
WARNING: [Vivado 12-584] No ports matched 'btnR'. [/home/adamdunc/repos/whs/Vivado_P2_calculator_simple/Vivado_P2_calculator_simple.srcs/constrs_1/imports/Vivado_P2_calculator/top.xdc:83]
CRITICAL WARNING: [Common 17-55] 'set_property' expects at least one object. [/home/adamdunc/repos/whs/Vivado_P2_calculator_simple/Vivado_P2_calculator_simple.srcs/constrs_1/imports/Vivado_P2_calculator/top.xdc:83]
Resolution: If [get_<value>] was used to populate the object, check to make sure this command returns at least one valid object.
WARNING: [Vivado 12-584] No ports matched 'btnD'. [/home/adamdunc/repos/whs/Vivado_P2_calculator_simple/Vivado_P2_calculator_simple.srcs/constrs_1/imports/Vivado_P2_calculator/top.xdc:84]
CRITICAL WARNING: [Common 17-55] 'set_property' expects at least one object. [/home/adamdunc/repos/whs/Vivado_P2_calculator_simple/Vivado_P2_calculator_simple.srcs/constrs_1/imports/Vivado_P2_calculator/top.xdc:84]
Resolution: If [get_<value>] was used to populate the object, check to make sure this command returns at least one valid object.
WARNING: [Vivado 12-584] No ports matched 'btnD'. [/home/adamdunc/repos/whs/Vivado_P2_calculator_simple/Vivado_P2_calculator_simple.srcs/constrs_1/imports/Vivado_P2_calculator/top.xdc:85]
CRITICAL WARNING: [Common 17-55] 'set_property' expects at least one object. [/home/adamdunc/repos/whs/Vivado_P2_calculator_simple/Vivado_P2_calculator_simple.srcs/constrs_1/imports/Vivado_P2_calculator/top.xdc:85]
Resolution: If [get_<value>] was used to populate the object, check to make sure this command returns at least one valid object.
WARNING: [Vivado 12-584] No ports matched 'SSEG_CA[0]'. [/home/adamdunc/repos/whs/Vivado_P2_calculator_simple/Vivado_P2_calculator_simple.srcs/constrs_1/imports/Vivado_P2_calculator/top.xdc:89]
CRITICAL WARNING: [Common 17-55] 'set_property' expects at least one object. [/home/adamdunc/repos/whs/Vivado_P2_calculator_simple/Vivado_P2_calculator_simple.srcs/constrs_1/imports/Vivado_P2_calculator/top.xdc:89]
Resolution: If [get_<value>] was used to populate the object, check to make sure this command returns at least one valid object.
WARNING: [Vivado 12-584] No ports matched 'SSEG_CA[0]'. [/home/adamdunc/repos/whs/Vivado_P2_calculator_simple/Vivado_P2_calculator_simple.srcs/constrs_1/imports/Vivado_P2_calculator/top.xdc:90]
CRITICAL WARNING: [Common 17-55] 'set_property' expects at least one object. [/home/adamdunc/repos/whs/Vivado_P2_calculator_simple/Vivado_P2_calculator_simple.srcs/constrs_1/imports/Vivado_P2_calculator/top.xdc:90]
Resolution: If [get_<value>] was used to populate the object, check to make sure this command returns at least one valid object.
WARNING: [Vivado 12-584] No ports matched 'SSEG_CA[1]'. [/home/adamdunc/repos/whs/Vivado_P2_calculator_simple/Vivado_P2_calculator_simple.srcs/constrs_1/imports/Vivado_P2_calculator/top.xdc:92]
CRITICAL WARNING: [Common 17-55] 'set_property' expects at least one object. [/home/adamdunc/repos/whs/Vivado_P2_calculator_simple/Vivado_P2_calculator_simple.srcs/constrs_1/imports/Vivado_P2_calculator/top.xdc:92]
Resolution: If [get_<value>] was used to populate the object, check to make sure this command returns at least one valid object.
WARNING: [Vivado 12-584] No ports matched 'SSEG_CA[1]'. [/home/adamdunc/repos/whs/Vivado_P2_calculator_simple/Vivado_P2_calculator_simple.srcs/constrs_1/imports/Vivado_P2_calculator/top.xdc:93]
CRITICAL WARNING: [Common 17-55] 'set_property' expects at least one object. [/home/adamdunc/repos/whs/Vivado_P2_calculator_simple/Vivado_P2_calculator_simple.srcs/constrs_1/imports/Vivado_P2_calculator/top.xdc:93]
Resolution: If [get_<value>] was used to populate the object, check to make sure this command returns at least one valid object.
WARNING: [Vivado 12-584] No ports matched 'SSEG_CA[2]'. [/home/adamdunc/repos/whs/Vivado_P2_calculator_simple/Vivado_P2_calculator_simple.srcs/constrs_1/imports/Vivado_P2_calculator/top.xdc:95]
CRITICAL WARNING: [Common 17-55] 'set_property' expects at least one object. [/home/adamdunc/repos/whs/Vivado_P2_calculator_simple/Vivado_P2_calculator_simple.srcs/constrs_1/imports/Vivado_P2_calculator/top.xdc:95]
Resolution: If [get_<value>] was used to populate the object, check to make sure this command returns at least one valid object.
WARNING: [Vivado 12-584] No ports matched 'SSEG_CA[2]'. [/home/adamdunc/repos/whs/Vivado_P2_calculator_simple/Vivado_P2_calculator_simple.srcs/constrs_1/imports/Vivado_P2_calculator/top.xdc:96]
CRITICAL WARNING: [Common 17-55] 'set_property' expects at least one object. [/home/adamdunc/repos/whs/Vivado_P2_calculator_simple/Vivado_P2_calculator_simple.srcs/constrs_1/imports/Vivado_P2_calculator/top.xdc:96]
Resolution: If [get_<value>] was used to populate the object, check to make sure this command returns at least one valid object.
WARNING: [Vivado 12-584] No ports matched 'SSEG_CA[3]'. [/home/adamdunc/repos/whs/Vivado_P2_calculator_simple/Vivado_P2_calculator_simple.srcs/constrs_1/imports/Vivado_P2_calculator/top.xdc:98]
CRITICAL WARNING: [Common 17-55] 'set_property' expects at least one object. [/home/adamdunc/repos/whs/Vivado_P2_calculator_simple/Vivado_P2_calculator_simple.srcs/constrs_1/imports/Vivado_P2_calculator/top.xdc:98]
Resolution: If [get_<value>] was used to populate the object, check to make sure this command returns at least one valid object.
WARNING: [Vivado 12-584] No ports matched 'SSEG_CA[3]'. [/home/adamdunc/repos/whs/Vivado_P2_calculator_simple/Vivado_P2_calculator_simple.srcs/constrs_1/imports/Vivado_P2_calculator/top.xdc:99]
CRITICAL WARNING: [Common 17-55] 'set_property' expects at least one object. [/home/adamdunc/repos/whs/Vivado_P2_calculator_simple/Vivado_P2_calculator_simple.srcs/constrs_1/imports/Vivado_P2_calculator/top.xdc:99]
Resolution: If [get_<value>] was used to populate the object, check to make sure this command returns at least one valid object.
WARNING: [Vivado 12-584] No ports matched 'SSEG_CA[4]'. [/home/adamdunc/repos/whs/Vivado_P2_calculator_simple/Vivado_P2_calculator_simple.srcs/constrs_1/imports/Vivado_P2_calculator/top.xdc:101]
CRITICAL WARNING: [Common 17-55] 'set_property' expects at least one object. [/home/adamdunc/repos/whs/Vivado_P2_calculator_simple/Vivado_P2_calculator_simple.srcs/constrs_1/imports/Vivado_P2_calculator/top.xdc:101]
Resolution: If [get_<value>] was used to populate the object, check to make sure this command returns at least one valid object.
WARNING: [Vivado 12-584] No ports matched 'SSEG_CA[4]'. [/home/adamdunc/repos/whs/Vivado_P2_calculator_simple/Vivado_P2_calculator_simple.srcs/constrs_1/imports/Vivado_P2_calculator/top.xdc:102]
CRITICAL WARNING: [Common 17-55] 'set_property' expects at least one object. [/home/adamdunc/repos/whs/Vivado_P2_calculator_simple/Vivado_P2_calculator_simple.srcs/constrs_1/imports/Vivado_P2_calculator/top.xdc:102]
Resolution: If [get_<value>] was used to populate the object, check to make sure this command returns at least one valid object.
WARNING: [Vivado 12-584] No ports matched 'SSEG_CA[5]'. [/home/adamdunc/repos/whs/Vivado_P2_calculator_simple/Vivado_P2_calculator_simple.srcs/constrs_1/imports/Vivado_P2_calculator/top.xdc:104]
CRITICAL WARNING: [Common 17-55] 'set_property' expects at least one object. [/home/adamdunc/repos/whs/Vivado_P2_calculator_simple/Vivado_P2_calculator_simple.srcs/constrs_1/imports/Vivado_P2_calculator/top.xdc:104]
Resolution: If [get_<value>] was used to populate the object, check to make sure this command returns at least one valid object.
WARNING: [Vivado 12-584] No ports matched 'SSEG_CA[5]'. [/home/adamdunc/repos/whs/Vivado_P2_calculator_simple/Vivado_P2_calculator_simple.srcs/constrs_1/imports/Vivado_P2_calculator/top.xdc:105]
CRITICAL WARNING: [Common 17-55] 'set_property' expects at least one object. [/home/adamdunc/repos/whs/Vivado_P2_calculator_simple/Vivado_P2_calculator_simple.srcs/constrs_1/imports/Vivado_P2_calculator/top.xdc:105]
Resolution: If [get_<value>] was used to populate the object, check to make sure this command returns at least one valid object.
WARNING: [Vivado 12-584] No ports matched 'SSEG_CA[6]'. [/home/adamdunc/repos/whs/Vivado_P2_calculator_simple/Vivado_P2_calculator_simple.srcs/constrs_1/imports/Vivado_P2_calculator/top.xdc:107]
CRITICAL WARNING: [Common 17-55] 'set_property' expects at least one object. [/home/adamdunc/repos/whs/Vivado_P2_calculator_simple/Vivado_P2_calculator_simple.srcs/constrs_1/imports/Vivado_P2_calculator/top.xdc:107]
Resolution: If [get_<value>] was used to populate the object, check to make sure this command returns at least one valid object.
WARNING: [Vivado 12-584] No ports matched 'SSEG_CA[6]'. [/home/adamdunc/repos/whs/Vivado_P2_calculator_simple/Vivado_P2_calculator_simple.srcs/constrs_1/imports/Vivado_P2_calculator/top.xdc:108]
CRITICAL WARNING: [Common 17-55] 'set_property' expects at least one object. [/home/adamdunc/repos/whs/Vivado_P2_calculator_simple/Vivado_P2_calculator_simple.srcs/constrs_1/imports/Vivado_P2_calculator/top.xdc:108]
Resolution: If [get_<value>] was used to populate the object, check to make sure this command returns at least one valid object.
WARNING: [Vivado 12-584] No ports matched 'SSEG_CA[7]'. [/home/adamdunc/repos/whs/Vivado_P2_calculator_simple/Vivado_P2_calculator_simple.srcs/constrs_1/imports/Vivado_P2_calculator/top.xdc:111]
CRITICAL WARNING: [Common 17-55] 'set_property' expects at least one object. [/home/adamdunc/repos/whs/Vivado_P2_calculator_simple/Vivado_P2_calculator_simple.srcs/constrs_1/imports/Vivado_P2_calculator/top.xdc:111]
Resolution: If [get_<value>] was used to populate the object, check to make sure this command returns at least one valid object.
WARNING: [Vivado 12-584] No ports matched 'SSEG_CA[7]'. [/home/adamdunc/repos/whs/Vivado_P2_calculator_simple/Vivado_P2_calculator_simple.srcs/constrs_1/imports/Vivado_P2_calculator/top.xdc:112]
CRITICAL WARNING: [Common 17-55] 'set_property' expects at least one object. [/home/adamdunc/repos/whs/Vivado_P2_calculator_simple/Vivado_P2_calculator_simple.srcs/constrs_1/imports/Vivado_P2_calculator/top.xdc:112]
Resolution: If [get_<value>] was used to populate the object, check to make sure this command returns at least one valid object.
WARNING: [Vivado 12-584] No ports matched 'SSEG_AN[0]'. [/home/adamdunc/repos/whs/Vivado_P2_calculator_simple/Vivado_P2_calculator_simple.srcs/constrs_1/imports/Vivado_P2_calculator/top.xdc:115]
CRITICAL WARNING: [Common 17-55] 'set_property' expects at least one object. [/home/adamdunc/repos/whs/Vivado_P2_calculator_simple/Vivado_P2_calculator_simple.srcs/constrs_1/imports/Vivado_P2_calculator/top.xdc:115]
Resolution: If [get_<value>] was used to populate the object, check to make sure this command returns at least one valid object.
WARNING: [Vivado 12-584] No ports matched 'SSEG_AN[0]'. [/home/adamdunc/repos/whs/Vivado_P2_calculator_simple/Vivado_P2_calculator_simple.srcs/constrs_1/imports/Vivado_P2_calculator/top.xdc:116]
CRITICAL WARNING: [Common 17-55] 'set_property' expects at least one object. [/home/adamdunc/repos/whs/Vivado_P2_calculator_simple/Vivado_P2_calculator_simple.srcs/constrs_1/imports/Vivado_P2_calculator/top.xdc:116]
Resolution: If [get_<value>] was used to populate the object, check to make sure this command returns at least one valid object.
WARNING: [Vivado 12-584] No ports matched 'SSEG_AN[1]'. [/home/adamdunc/repos/whs/Vivado_P2_calculator_simple/Vivado_P2_calculator_simple.srcs/constrs_1/imports/Vivado_P2_calculator/top.xdc:118]
CRITICAL WARNING: [Common 17-55] 'set_property' expects at least one object. [/home/adamdunc/repos/whs/Vivado_P2_calculator_simple/Vivado_P2_calculator_simple.srcs/constrs_1/imports/Vivado_P2_calculator/top.xdc:118]
Resolution: If [get_<value>] was used to populate the object, check to make sure this command returns at least one valid object.
WARNING: [Vivado 12-584] No ports matched 'SSEG_AN[1]'. [/home/adamdunc/repos/whs/Vivado_P2_calculator_simple/Vivado_P2_calculator_simple.srcs/constrs_1/imports/Vivado_P2_calculator/top.xdc:119]
CRITICAL WARNING: [Common 17-55] 'set_property' expects at least one object. [/home/adamdunc/repos/whs/Vivado_P2_calculator_simple/Vivado_P2_calculator_simple.srcs/constrs_1/imports/Vivado_P2_calculator/top.xdc:119]
Resolution: If [get_<value>] was used to populate the object, check to make sure this command returns at least one valid object.
WARNING: [Vivado 12-584] No ports matched 'SSEG_AN[2]'. [/home/adamdunc/repos/whs/Vivado_P2_calculator_simple/Vivado_P2_calculator_simple.srcs/constrs_1/imports/Vivado_P2_calculator/top.xdc:121]
CRITICAL WARNING: [Common 17-55] 'set_property' expects at least one object. [/home/adamdunc/repos/whs/Vivado_P2_calculator_simple/Vivado_P2_calculator_simple.srcs/constrs_1/imports/Vivado_P2_calculator/top.xdc:121]
Resolution: If [get_<value>] was used to populate the object, check to make sure this command returns at least one valid object.
WARNING: [Vivado 12-584] No ports matched 'SSEG_AN[2]'. [/home/adamdunc/repos/whs/Vivado_P2_calculator_simple/Vivado_P2_calculator_simple.srcs/constrs_1/imports/Vivado_P2_calculator/top.xdc:122]
CRITICAL WARNING: [Common 17-55] 'set_property' expects at least one object. [/home/adamdunc/repos/whs/Vivado_P2_calculator_simple/Vivado_P2_calculator_simple.srcs/constrs_1/imports/Vivado_P2_calculator/top.xdc:122]
Resolution: If [get_<value>] was used to populate the object, check to make sure this command returns at least one valid object.
WARNING: [Vivado 12-584] No ports matched 'SSEG_AN[3]'. [/home/adamdunc/repos/whs/Vivado_P2_calculator_simple/Vivado_P2_calculator_simple.srcs/constrs_1/imports/Vivado_P2_calculator/top.xdc:124]
CRITICAL WARNING: [Common 17-55] 'set_property' expects at least one object. [/home/adamdunc/repos/whs/Vivado_P2_calculator_simple/Vivado_P2_calculator_simple.srcs/constrs_1/imports/Vivado_P2_calculator/top.xdc:124]
Resolution: If [get_<value>] was used to populate the object, check to make sure this command returns at least one valid object.
WARNING: [Vivado 12-584] No ports matched 'SSEG_AN[3]'. [/home/adamdunc/repos/whs/Vivado_P2_calculator_simple/Vivado_P2_calculator_simple.srcs/constrs_1/imports/Vivado_P2_calculator/top.xdc:125]
CRITICAL WARNING: [Common 17-55] 'set_property' expects at least one object. [/home/adamdunc/repos/whs/Vivado_P2_calculator_simple/Vivado_P2_calculator_simple.srcs/constrs_1/imports/Vivado_P2_calculator/top.xdc:125]
Resolution: If [get_<value>] was used to populate the object, check to make sure this command returns at least one valid object.
Finished Parsing XDC File [/home/adamdunc/repos/whs/Vivado_P2_calculator_simple/Vivado_P2_calculator_simple.srcs/constrs_1/imports/Vivado_P2_calculator/top.xdc]
INFO: [Opt 31-138] Pushed 0 inverter(s) to 0 load pin(s).
Netlist sorting complete. Time (s): cpu = 00:00:00 ; elapsed = 00:00:00 . Memory (MB): peak = 2185.363 ; gain = 0.000 ; free physical = 15255 ; free virtual = 19915
INFO: [Project 1-111] Unisim Transformation Summary:
No Unisim elements were transformed.

7 Infos, 34 Warnings, 34 Critical Warnings and 0 Errors encountered.
link_design completed successfully
link_design: Time (s): cpu = 00:00:04 ; elapsed = 00:00:06 . Memory (MB): peak = 2185.363 ; gain = 8.348 ; free physical = 15255 ; free virtual = 19915
Command: opt_design
Attempting to get a license for feature 'Implementation' and/or device 'xc7a35ti'
INFO: [Common 17-349] Got license for feature 'Implementation' and/or device 'xc7a35ti'
Running DRC as a precondition to command opt_design

Starting DRC Task
INFO: [DRC 23-27] Running DRC with 8 threads
INFO: [Project 1-461] DRC finished with 0 Errors
INFO: [Project 1-462] Please refer to the DRC report (report_drc) for more information.

Time (s): cpu = 00:00:02 ; elapsed = 00:00:01 . Memory (MB): peak = 2249.258 ; gain = 63.895 ; free physical = 15247 ; free virtual = 19907

Starting Cache Timing Information Task
INFO: [Timing 38-35] Done setting XDC timing constraints.
Ending Cache Timing Information Task | Checksum: 1a11aff2d

Time (s): cpu = 00:00:06 ; elapsed = 00:00:07 . Memory (MB): peak = 2412.211 ; gain = 162.953 ; free physical = 14877 ; free virtual = 19537

Starting Logic Optimization Task

Phase 1 Retarget
INFO: [Opt 31-138] Pushed 0 inverter(s) to 0 load pin(s).
INFO: [Opt 31-49] Retargeted 0 cell(s).
Phase 1 Retarget | Checksum: 1a11aff2d

Time (s): cpu = 00:00:00 ; elapsed = 00:00:00.01 . Memory (MB): peak = 2576.180 ; gain = 0.000 ; free physical = 14714 ; free virtual = 19374
INFO: [Opt 31-389] Phase Retarget created 0 cells and removed 0 cells

Phase 2 Constant propagation
INFO: [Opt 31-138] Pushed 0 inverter(s) to 0 load pin(s).
Phase 2 Constant propagation | Checksum: 1a11aff2d

Time (s): cpu = 00:00:00 ; elapsed = 00:00:00.01 . Memory (MB): peak = 2576.180 ; gain = 0.000 ; free physical = 14714 ; free virtual = 19374
INFO: [Opt 31-389] Phase Constant propagation created 0 cells and removed 0 cells

Phase 3 Sweep
Phase 3 Sweep | Checksum: 1694d3b7f

Time (s): cpu = 00:00:00 ; elapsed = 00:00:00.01 . Memory (MB): peak = 2576.180 ; gain = 0.000 ; free physical = 14714 ; free virtual = 19374
INFO: [Opt 31-389] Phase Sweep created 0 cells and removed 0 cells

Phase 4 BUFG optimization
Phase 4 BUFG optimization | Checksum: 1694d3b7f

Time (s): cpu = 00:00:00 ; elapsed = 00:00:00.01 . Memory (MB): peak = 2576.180 ; gain = 0.000 ; free physical = 14714 ; free virtual = 19374
INFO: [Opt 31-662] Phase BUFG optimization created 0 cells of which 0 are BUFGs and removed 0 cells.

Phase 5 Shift Register Optimization
INFO: [Opt 31-1064] SRL Remap converted 0 SRLs to 0 registers and converted 0 registers of register chains to 0 SRLs
Phase 5 Shift Register Optimization | Checksum: 1694d3b7f

Time (s): cpu = 00:00:00 ; elapsed = 00:00:00.01 . Memory (MB): peak = 2576.180 ; gain = 0.000 ; free physical = 14714 ; free virtual = 19374
INFO: [Opt 31-389] Phase Shift Register Optimization created 0 cells and removed 0 cells

Phase 6 Post Processing Netlist
Phase 6 Post Processing Netlist | Checksum: 1694d3b7f

Time (s): cpu = 00:00:00.01 ; elapsed = 00:00:00.01 . Memory (MB): peak = 2576.180 ; gain = 0.000 ; free physical = 14714 ; free virtual = 19374
INFO: [Opt 31-389] Phase Post Processing Netlist created 0 cells and removed 0 cells
Opt_design Change Summary
=========================


-------------------------------------------------------------------------------------------------------------------------
|  Phase                        |  #Cells created  |  #Cells Removed  |  #Constrained objects preventing optimizations  |
-------------------------------------------------------------------------------------------------------------------------
|  Retarget                     |               0  |               0  |                                              0  |
|  Constant propagation         |               0  |               0  |                                              0  |
|  Sweep                        |               0  |               0  |                                              0  |
|  BUFG optimization            |               0  |               0  |                                              0  |
|  Shift Register Optimization  |               0  |               0  |                                              0  |
|  Post Processing Netlist      |               0  |               0  |                                              0  |
-------------------------------------------------------------------------------------------------------------------------



Starting Connectivity Check Task

Time (s): cpu = 00:00:00 ; elapsed = 00:00:00 . Memory (MB): peak = 2576.180 ; gain = 0.000 ; free physical = 14714 ; free virtual = 19374
Ending Logic Optimization Task | Checksum: 106a77ec0

Time (s): cpu = 00:00:00.01 ; elapsed = 00:00:00.01 . Memory (MB): peak = 2576.180 ; gain = 0.000 ; free physical = 14714 ; free virtual = 19374

Starting Power Optimization Task
INFO: [Pwropt 34-132] Skipping clock gating for clocks with a period < 2.00 ns.
Ending Power Optimization Task | Checksum: 106a77ec0

Time (s): cpu = 00:00:00.01 ; elapsed = 00:00:00.02 . Memory (MB): peak = 2576.180 ; gain = 0.000 ; free physical = 14714 ; free virtual = 19374

Starting Final Cleanup Task
Ending Final Cleanup Task | Checksum: 106a77ec0

Time (s): cpu = 00:00:00 ; elapsed = 00:00:00 . Memory (MB): peak = 2576.180 ; gain = 0.000 ; free physical = 14714 ; free virtual = 19374

Starting Netlist Obfuscation Task
Netlist sorting complete. Time (s): cpu = 00:00:00 ; elapsed = 00:00:00 . Memory (MB): peak = 2576.180 ; gain = 0.000 ; free physical = 14714 ; free virtual = 19374
Ending Netlist Obfuscation Task | Checksum: 106a77ec0

Time (s): cpu = 00:00:00 ; elapsed = 00:00:00 . Memory (MB): peak = 2576.180 ; gain = 0.000 ; free physical = 14714 ; free virtual = 19374
INFO: [Common 17-83] Releasing license: Implementation
24 Infos, 34 Warnings, 34 Critical Warnings and 0 Errors encountered.
opt_design completed successfully
opt_design: Time (s): cpu = 00:00:09 ; elapsed = 00:00:10 . Memory (MB): peak = 2576.180 ; gain = 390.816 ; free physical = 14714 ; free virtual = 19374
INFO: [Timing 38-480] Writing timing data to binary archive.
Writing placer database...
Writing XDEF routing.
Writing XDEF routing logical nets.
Writing XDEF routing special nets.
Write XDEF Complete: Time (s): cpu = 00:00:00.02 ; elapsed = 00:00:00.01 . Memory (MB): peak = 2616.199 ; gain = 0.000 ; free physical = 14712 ; free virtual = 19373
INFO: [Common 17-1381] The checkpoint '/home/adamdunc/repos/whs/Vivado_P2_calculator_simple/Vivado_P2_calculator_simple.runs/impl_1/top_opt.dcp' has been generated.
INFO: [runtcl-4] Executing : report_drc -file top_drc_opted.rpt -pb top_drc_opted.pb -rpx top_drc_opted.rpx
Command: report_drc -file top_drc_opted.rpt -pb top_drc_opted.pb -rpx top_drc_opted.rpx
INFO: [IP_Flow 19-234] Refreshing IP repositories
INFO: [IP_Flow 19-1704] No user IP repositories specified
INFO: [IP_Flow 19-2313] Loaded Vivado IP repository '/opt/Xilinx/Vivado/2020.1/data/ip'.
INFO: [DRC 23-27] Running DRC with 8 threads
INFO: [Coretcl 2-168] The results of DRC are in file /home/adamdunc/repos/whs/Vivado_P2_calculator_simple/Vivado_P2_calculator_simple.runs/impl_1/top_drc_opted.rpt.
report_drc completed successfully
Command: place_design
Attempting to get a license for feature 'Implementation' and/or device 'xc7a35ti'
INFO: [Common 17-349] Got license for feature 'Implementation' and/or device 'xc7a35ti'
INFO: [DRC 23-27] Running DRC with 8 threads
INFO: [Vivado_Tcl 4-198] DRC finished with 0 Errors
INFO: [Vivado_Tcl 4-199] Please refer to the DRC report (report_drc) for more information.
Running DRC as a precondition to command place_design
INFO: [DRC 23-27] Running DRC with 8 threads
INFO: [Vivado_Tcl 4-198] DRC finished with 0 Errors
INFO: [Vivado_Tcl 4-199] Please refer to the DRC report (report_drc) for more information.

Starting Placer Task
INFO: [Place 30-611] Multithreading enabled for place_design using a maximum of 8 CPUs

Phase 1 Placer Initialization

Phase 1.1 Placer Initialization Netlist Sorting
Netlist sorting complete. Time (s): cpu = 00:00:00 ; elapsed = 00:00:00 . Memory (MB): peak = 2769.613 ; gain = 0.000 ; free physical = 14690 ; free virtual = 19350
Phase 1.1 Placer Initialization Netlist Sorting | Checksum: 67842657

Time (s): cpu = 00:00:00.01 ; elapsed = 00:00:00.06 . Memory (MB): peak = 2769.613 ; gain = 0.000 ; free physical = 14690 ; free virtual = 19350
Netlist sorting complete. Time (s): cpu = 00:00:00 ; elapsed = 00:00:00 . Memory (MB): peak = 2769.613 ; gain = 0.000 ; free physical = 14690 ; free virtual = 19350

Phase 1.2 IO Placement/ Clock Placement/ Build Placer Device
INFO: [Timing 38-35] Done setting XDC timing constraints.
Phase 1.2 IO Placement/ Clock Placement/ Build Placer Device | Checksum: 67842657

Time (s): cpu = 00:00:00.48 ; elapsed = 00:00:00.30 . Memory (MB): peak = 2769.613 ; gain = 0.000 ; free physical = 14683 ; free virtual = 19343

Phase 1.3 Build Placer Netlist Model
Phase 1.3 Build Placer Netlist Model | Checksum: 1638ab64c

Time (s): cpu = 00:00:00.52 ; elapsed = 00:00:00.31 . Memory (MB): peak = 2769.613 ; gain = 0.000 ; free physical = 14683 ; free virtual = 19343

Phase 1.4 Constrain Clocks/Macros
Phase 1.4 Constrain Clocks/Macros | Checksum: 1638ab64c

Time (s): cpu = 00:00:00.52 ; elapsed = 00:00:00.31 . Memory (MB): peak = 2769.613 ; gain = 0.000 ; free physical = 14683 ; free virtual = 19343
Phase 1 Placer Initialization | Checksum: 1638ab64c

Time (s): cpu = 00:00:00.52 ; elapsed = 00:00:00.31 . Memory (MB): peak = 2769.613 ; gain = 0.000 ; free physical = 14682 ; free virtual = 19342

Phase 2 Global Placement

Phase 2.1 Floorplanning
Phase 2.1 Floorplanning | Checksum: 1638ab64c

Time (s): cpu = 00:00:00.53 ; elapsed = 00:00:00.31 . Memory (MB): peak = 2769.613 ; gain = 0.000 ; free physical = 14681 ; free virtual = 19342

Phase 2.2 Global Placement Core
WARNING: [Place 46-29] place_design is not in timing mode. Skip physical synthesis in placer
Phase 2.2 Global Placement Core | Checksum: 8229e9d0

Time (s): cpu = 00:00:02 ; elapsed = 00:00:00.53 . Memory (MB): peak = 2769.613 ; gain = 0.000 ; free physical = 14670 ; free virtual = 19330
Phase 2 Global Placement | Checksum: 8229e9d0

Time (s): cpu = 00:00:02 ; elapsed = 00:00:00.53 . Memory (MB): peak = 2769.613 ; gain = 0.000 ; free physical = 14670 ; free virtual = 19330

Phase 3 Detail Placement

Phase 3.1 Commit Multi Column Macros
Phase 3.1 Commit Multi Column Macros | Checksum: 8229e9d0

Time (s): cpu = 00:00:02 ; elapsed = 00:00:00.54 . Memory (MB): peak = 2769.613 ; gain = 0.000 ; free physical = 14670 ; free virtual = 19330

Phase 3.2 Commit Most Macros & LUTRAMs
Phase 3.2 Commit Most Macros & LUTRAMs | Checksum: 2007ae0ce

Time (s): cpu = 00:00:02 ; elapsed = 00:00:00.54 . Memory (MB): peak = 2769.613 ; gain = 0.000 ; free physical = 14669 ; free virtual = 19329

Phase 3.3 Area Swap Optimization
Phase 3.3 Area Swap Optimization | Checksum: 2007ae0ce

Time (s): cpu = 00:00:02 ; elapsed = 00:00:00.55 . Memory (MB): peak = 2769.613 ; gain = 0.000 ; free physical = 14669 ; free virtual = 19329

Phase 3.4 Pipeline Register Optimization
Phase 3.4 Pipeline Register Optimization | Checksum: 2007ae0ce

Time (s): cpu = 00:00:02 ; elapsed = 00:00:00.55 . Memory (MB): peak = 2769.613 ; gain = 0.000 ; free physical = 14669 ; free virtual = 19329

Phase 3.5 Small Shape Detail Placement
Phase 3.5 Small Shape Detail Placement | Checksum: 2007ae0ce

Time (s): cpu = 00:00:02 ; elapsed = 00:00:00.59 . Memory (MB): peak = 2769.613 ; gain = 0.000 ; free physical = 14669 ; free virtual = 19329

Phase 3.6 Re-assign LUT pins
Phase 3.6 Re-assign LUT pins | Checksum: 2007ae0ce

Time (s): cpu = 00:00:02 ; elapsed = 00:00:00.59 . Memory (MB): peak = 2769.613 ; gain = 0.000 ; free physical = 14669 ; free virtual = 19329

Phase 3.7 Pipeline Register Optimization
Phase 3.7 Pipeline Register Optimization | Checksum: 2007ae0ce

Time (s): cpu = 00:00:02 ; elapsed = 00:00:00.60 . Memory (MB): peak = 2769.613 ; gain = 0.000 ; free physical = 14669 ; free virtual = 19329
Phase 3 Detail Placement | Checksum: 2007ae0ce

Time (s): cpu = 00:00:02 ; elapsed = 00:00:00.60 . Memory (MB): peak = 2769.613 ; gain = 0.000 ; free physical = 14669 ; free virtual = 19329

Phase 4 Post Placement Optimization and Clean-Up

Phase 4.1 Post Commit Optimization
Phase 4.1 Post Commit Optimization | Checksum: 2007ae0ce

Time (s): cpu = 00:00:02 ; elapsed = 00:00:00.60 . Memory (MB): peak = 2769.613 ; gain = 0.000 ; free physical = 14669 ; free virtual = 19329

Phase 4.2 Post Placement Cleanup
Phase 4.2 Post Placement Cleanup | Checksum: 2007ae0ce

Time (s): cpu = 00:00:02 ; elapsed = 00:00:00.60 . Memory (MB): peak = 2769.613 ; gain = 0.000 ; free physical = 14670 ; free virtual = 19330

Phase 4.3 Placer Reporting
Phase 4.3 Placer Reporting | Checksum: 2007ae0ce

Time (s): cpu = 00:00:02 ; elapsed = 00:00:00.60 . Memory (MB): peak = 2769.613 ; gain = 0.000 ; free physical = 14670 ; free virtual = 19330

Phase 4.4 Final Placement Cleanup
Netlist sorting complete. Time (s): cpu = 00:00:00 ; elapsed = 00:00:00 . Memory (MB): peak = 2769.613 ; gain = 0.000 ; free physical = 14670 ; free virtual = 19330
Phase 4.4 Final Placement Cleanup | Checksum: 2007ae0ce

Time (s): cpu = 00:00:02 ; elapsed = 00:00:00.60 . Memory (MB): peak = 2769.613 ; gain = 0.000 ; free physical = 14670 ; free virtual = 19330
Phase 4 Post Placement Optimization and Clean-Up | Checksum: 2007ae0ce

Time (s): cpu = 00:00:02 ; elapsed = 00:00:00.60 . Memory (MB): peak = 2769.613 ; gain = 0.000 ; free physical = 14670 ; free virtual = 19330
Ending Placer Task | Checksum: 10b9a933a

Time (s): cpu = 00:00:02 ; elapsed = 00:00:00.61 . Memory (MB): peak = 2769.613 ; gain = 0.000 ; free physical = 14670 ; free virtual = 19330
INFO: [Common 17-83] Releasing license: Implementation
42 Infos, 35 Warnings, 34 Critical Warnings and 0 Errors encountered.
place_design completed successfully
INFO: [Timing 38-480] Writing timing data to binary archive.
Writing placer database...
Writing XDEF routing.
Writing XDEF routing logical nets.
Writing XDEF routing special nets.
Write XDEF Complete: Time (s): cpu = 00:00:00.02 ; elapsed = 00:00:00 . Memory (MB): peak = 2769.613 ; gain = 0.000 ; free physical = 14677 ; free virtual = 19338
INFO: [Common 17-1381] The checkpoint '/home/adamdunc/repos/whs/Vivado_P2_calculator_simple/Vivado_P2_calculator_simple.runs/impl_1/top_placed.dcp' has been generated.
INFO: [runtcl-4] Executing : report_io -file top_io_placed.rpt
report_io: Time (s): cpu = 00:00:00.09 ; elapsed = 00:00:00.13 . Memory (MB): peak = 2769.613 ; gain = 0.000 ; free physical = 14672 ; free virtual = 19332
INFO: [runtcl-4] Executing : report_utilization -file top_utilization_placed.rpt -pb top_utilization_placed.pb
INFO: [runtcl-4] Executing : report_control_sets -verbose -file top_control_sets_placed.rpt
report_control_sets: Time (s): cpu = 00:00:00.05 ; elapsed = 00:00:00.09 . Memory (MB): peak = 2769.613 ; gain = 0.000 ; free physical = 14677 ; free virtual = 19337
Command: phys_opt_design
Attempting to get a license for feature 'Implementation' and/or device 'xc7a35ti'
INFO: [Common 17-349] Got license for feature 'Implementation' and/or device 'xc7a35ti'
INFO: [Vivado_Tcl 4-235] No timing constraint found. The netlist was not modified.
INFO: [Common 17-83] Releasing license: Implementation
50 Infos, 35 Warnings, 34 Critical Warnings and 0 Errors encountered.
phys_opt_design completed successfully
INFO: [Timing 38-480] Writing timing data to binary archive.
Writing placer database...
Writing XDEF routing.
Writing XDEF routing logical nets.
Writing XDEF routing special nets.
Write XDEF Complete: Time (s): cpu = 00:00:00.02 ; elapsed = 00:00:00.01 . Memory (MB): peak = 2769.613 ; gain = 0.000 ; free physical = 14663 ; free virtual = 19324
INFO: [Common 17-1381] The checkpoint '/home/adamdunc/repos/whs/Vivado_P2_calculator_simple/Vivado_P2_calculator_simple.runs/impl_1/top_physopt.dcp' has been generated.
Command: route_design
Attempting to get a license for feature 'Implementation' and/or device 'xc7a35ti'
INFO: [Common 17-349] Got license for feature 'Implementation' and/or device 'xc7a35ti'
Running DRC as a precondition to command route_design
INFO: [DRC 23-27] Running DRC with 8 threads
INFO: [Vivado_Tcl 4-198] DRC finished with 0 Errors
INFO: [Vivado_Tcl 4-199] Please refer to the DRC report (report_drc) for more information.


Starting Routing Task
INFO: [Route 35-254] Multithreading enabled for route_design using a maximum of 8 CPUs
Checksum: PlaceDB: dcec81ff ConstDB: 0 ShapeSum: 2eae113b RouteDB: 0

Phase 1 Build RT Design
Phase 1 Build RT Design | Checksum: 1623f17b6

Time (s): cpu = 00:00:11 ; elapsed = 00:00:09 . Memory (MB): peak = 2835.184 ; gain = 16.008 ; free physical = 14554 ; free virtual = 19215
Post Restoration Checksum: NetGraph: e54651aa NumContArr: 7cf8c60c Constraints: 0 Timing: 0

Phase 2 Router Initialization
INFO: [Route 35-64] No timing constraints were detected. The router will operate in resource-optimization mode.

Phase 2.1 Fix Topology Constraints
Phase 2.1 Fix Topology Constraints | Checksum: 1623f17b6

Time (s): cpu = 00:00:11 ; elapsed = 00:00:09 . Memory (MB): peak = 2835.184 ; gain = 16.008 ; free physical = 14521 ; free virtual = 19182

Phase 2.2 Pre Route Cleanup
Phase 2.2 Pre Route Cleanup | Checksum: 1623f17b6

Time (s): cpu = 00:00:11 ; elapsed = 00:00:09 . Memory (MB): peak = 2835.184 ; gain = 16.008 ; free physical = 14521 ; free virtual = 19182
 Number of Nodes with overlaps = 0
Phase 2 Router Initialization | Checksum: 10393c642

Time (s): cpu = 00:00:11 ; elapsed = 00:00:09 . Memory (MB): peak = 2835.184 ; gain = 16.008 ; free physical = 14521 ; free virtual = 19181

Router Utilization Summary
  Global Vertical Routing Utilization    = 0 %
  Global Horizontal Routing Utilization  = 0 %
  Routable Net Status*
  *Does not include unroutable nets such as driverless and loadless.
  Run report_route_status for detailed report.
  Number of Failed Nets               = 27
    (Failed Nets is the sum of unrouted and partially routed nets)
  Number of Unrouted Nets             = 27
  Number of Partially Routed Nets     = 0
  Number of Node Overlaps             = 0


Phase 3 Initial Routing
Phase 3 Initial Routing | Checksum: e4701f95

Time (s): cpu = 00:00:11 ; elapsed = 00:00:09 . Memory (MB): peak = 2835.184 ; gain = 16.008 ; free physical = 14519 ; free virtual = 19179

Phase 4 Rip-up And Reroute

Phase 4.1 Global Iteration 0
 Number of Nodes with overlaps = 0
Phase 4.1 Global Iteration 0 | Checksum: a86de4fe

Time (s): cpu = 00:00:11 ; elapsed = 00:00:09 . Memory (MB): peak = 2835.184 ; gain = 16.008 ; free physical = 14519 ; free virtual = 19179
Phase 4 Rip-up And Reroute | Checksum: a86de4fe

Time (s): cpu = 00:00:11 ; elapsed = 00:00:09 . Memory (MB): peak = 2835.184 ; gain = 16.008 ; free physical = 14519 ; free virtual = 19179

Phase 5 Delay and Skew Optimization
Phase 5 Delay and Skew Optimization | Checksum: a86de4fe

Time (s): cpu = 00:00:11 ; elapsed = 00:00:09 . Memory (MB): peak = 2835.184 ; gain = 16.008 ; free physical = 14519 ; free virtual = 19179

Phase 6 Post Hold Fix

Phase 6.1 Hold Fix Iter
Phase 6.1 Hold Fix Iter | Checksum: a86de4fe

Time (s): cpu = 00:00:11 ; elapsed = 00:00:09 . Memory (MB): peak = 2835.184 ; gain = 16.008 ; free physical = 14519 ; free virtual = 19179
Phase 6 Post Hold Fix | Checksum: a86de4fe

Time (s): cpu = 00:00:11 ; elapsed = 00:00:09 . Memory (MB): peak = 2835.184 ; gain = 16.008 ; free physical = 14519 ; free virtual = 19179

Phase 7 Route finalize

Router Utilization Summary
  Global Vertical Routing Utilization    = 0.0417763 %
  Global Horizontal Routing Utilization  = 0.0421655 %
  Routable Net Status*
  *Does not include unroutable nets such as driverless and loadless.
  Run report_route_status for detailed report.
  Number of Failed Nets               = 0
    (Failed Nets is the sum of unrouted and partially routed nets)
  Number of Unrouted Nets             = 0
  Number of Partially Routed Nets     = 0
  Number of Node Overlaps             = 0

Congestion Report
North Dir 1x1 Area, Max Cong = 21.6216%, No Congested Regions.
South Dir 1x1 Area, Max Cong = 19.8198%, No Congested Regions.
East Dir 1x1 Area, Max Cong = 2.94118%, No Congested Regions.
West Dir 1x1 Area, Max Cong = 8.82353%, No Congested Regions.

------------------------------
Reporting congestion hotspots
------------------------------
Direction: North
----------------
Congested clusters found at Level 0
Effective congestion level: 0 Aspect Ratio: 1 Sparse Ratio: 0
Direction: South
----------------
Congested clusters found at Level 0
Effective congestion level: 0 Aspect Ratio: 1 Sparse Ratio: 0
Direction: East
----------------
Congested clusters found at Level 0
Effective congestion level: 0 Aspect Ratio: 1 Sparse Ratio: 0
Direction: West
----------------
Congested clusters found at Level 0
Effective congestion level: 0 Aspect Ratio: 1 Sparse Ratio: 0

Phase 7 Route finalize | Checksum: a86de4fe

Time (s): cpu = 00:00:11 ; elapsed = 00:00:09 . Memory (MB): peak = 2835.184 ; gain = 16.008 ; free physical = 14519 ; free virtual = 19179

Phase 8 Verifying routed nets

 Verification completed successfully
Phase 8 Verifying routed nets | Checksum: a86de4fe

Time (s): cpu = 00:00:11 ; elapsed = 00:00:09 . Memory (MB): peak = 2835.184 ; gain = 16.008 ; free physical = 14517 ; free virtual = 19178

Phase 9 Depositing Routes
Phase 9 Depositing Routes | Checksum: 11cefc897

Time (s): cpu = 00:00:11 ; elapsed = 00:00:09 . Memory (MB): peak = 2835.184 ; gain = 16.008 ; free physical = 14517 ; free virtual = 19178
INFO: [Route 35-16] Router Completed Successfully

Time (s): cpu = 00:00:11 ; elapsed = 00:00:09 . Memory (MB): peak = 2835.184 ; gain = 16.008 ; free physical = 14549 ; free virtual = 19209

Routing Is Done.
INFO: [Common 17-83] Releasing license: Implementation
60 Infos, 35 Warnings, 34 Critical Warnings and 0 Errors encountered.
route_design completed successfully
route_design: Time (s): cpu = 00:00:13 ; elapsed = 00:00:11 . Memory (MB): peak = 2835.184 ; gain = 65.570 ; free physical = 14549 ; free virtual = 19209
INFO: [Timing 38-480] Writing timing data to binary archive.
Writing placer database...
Writing XDEF routing.
Writing XDEF routing logical nets.
Writing XDEF routing special nets.
Write XDEF Complete: Time (s): cpu = 00:00:00.02 ; elapsed = 00:00:00.01 . Memory (MB): peak = 2835.184 ; gain = 0.000 ; free physical = 14548 ; free virtual = 19209
INFO: [Common 17-1381] The checkpoint '/home/adamdunc/repos/whs/Vivado_P2_calculator_simple/Vivado_P2_calculator_simple.runs/impl_1/top_routed.dcp' has been generated.
INFO: [runtcl-4] Executing : report_drc -file top_drc_routed.rpt -pb top_drc_routed.pb -rpx top_drc_routed.rpx
Command: report_drc -file top_drc_routed.rpt -pb top_drc_routed.pb -rpx top_drc_routed.rpx
INFO: [IP_Flow 19-1839] IP Catalog is up to date.
INFO: [DRC 23-27] Running DRC with 8 threads
INFO: [Coretcl 2-168] The results of DRC are in file /home/adamdunc/repos/whs/Vivado_P2_calculator_simple/Vivado_P2_calculator_simple.runs/impl_1/top_drc_routed.rpt.
report_drc completed successfully
INFO: [runtcl-4] Executing : report_methodology -file top_methodology_drc_routed.rpt -pb top_methodology_drc_routed.pb -rpx top_methodology_drc_routed.rpx
Command: report_methodology -file top_methodology_drc_routed.rpt -pb top_methodology_drc_routed.pb -rpx top_methodology_drc_routed.rpx
INFO: [Timing 38-35] Done setting XDC timing constraints.
INFO: [DRC 23-133] Running Methodology with 8 threads
INFO: [Coretcl 2-1520] The results of Report Methodology are in file /home/adamdunc/repos/whs/Vivado_P2_calculator_simple/Vivado_P2_calculator_simple.runs/impl_1/top_methodology_drc_routed.rpt.
report_methodology completed successfully
INFO: [runtcl-4] Executing : report_power -file top_power_routed.rpt -pb top_power_summary_routed.pb -rpx top_power_routed.rpx
Command: report_power -file top_power_routed.rpt -pb top_power_summary_routed.pb -rpx top_power_routed.rpx
INFO: [Timing 38-35] Done setting XDC timing constraints.
WARNING: [Power 33-232] No user defined clocks were found in the design! Power estimation will be inaccurate until this is corrected.
Resolution: Please specify clocks using create_clock/create_generated_clock for sequential elements. For pure combinatorial circuits, please specify a virtual clock, otherwise the vectorless estimation might be inaccurate
Running Vector-less Activity Propagation...

Finished Running Vector-less Activity Propagation
72 Infos, 36 Warnings, 34 Critical Warnings and 0 Errors encountered.
report_power completed successfully
INFO: [runtcl-4] Executing : report_route_status -file top_route_status.rpt -pb top_route_status.pb
INFO: [runtcl-4] Executing : report_timing_summary -max_paths 10 -file top_timing_summary_routed.rpt -pb top_timing_summary_routed.pb -rpx top_timing_summary_routed.rpx -warn_on_violation 
INFO: [Timing 38-91] UpdateTimingParams: Speed grade: -1L, Delay Type: min_max.
INFO: [Timing 38-191] Multithreading enabled for timing update using a maximum of 8 CPUs
WARNING: [Timing 38-313] There are no user specified timing constraints. Timing constraints are needed for proper timing analysis.
INFO: [runtcl-4] Executing : report_incremental_reuse -file top_incremental_reuse_routed.rpt
INFO: [Vivado_Tcl 4-1062] Incremental flow is disabled. No incremental reuse Info to report.
INFO: [runtcl-4] Executing : report_clock_utilization -file top_clock_utilization_routed.rpt
INFO: [runtcl-4] Executing : report_bus_skew -warn_on_violation -file top_bus_skew_routed.rpt -pb top_bus_skew_routed.pb -rpx top_bus_skew_routed.rpx
INFO: [Timing 38-91] UpdateTimingParams: Speed grade: -1L, Delay Type: min_max.
INFO: [Timing 38-191] Multithreading enabled for timing update using a maximum of 8 CPUs
Command: write_bitstream -force top.bit
Attempting to get a license for feature 'Implementation' and/or device 'xc7a35ti'
INFO: [Common 17-349] Got license for feature 'Implementation' and/or device 'xc7a35ti'
Running DRC as a precondition to command write_bitstream
INFO: [IP_Flow 19-1839] IP Catalog is up to date.
INFO: [DRC 23-27] Running DRC with 8 threads
INFO: [Vivado 12-3199] DRC finished with 0 Errors
INFO: [Vivado 12-3200] Please refer to the DRC report (report_drc) for more information.
INFO: [Designutils 20-2272] Running write_bitstream with 8 threads.
Loading data files...
Loading site data...
Loading route data...
Processing options...
Creating bitmap...
Creating bitstream...
Writing bitstream ./top.bit...
INFO: [Vivado 12-1842] Bitgen Completed Successfully.
INFO: [Project 1-118] WebTalk data collection is enabled (User setting is ON. Install Setting is ON.).
INFO: [Common 17-186] '/home/adamdunc/repos/whs/Vivado_P2_calculator_simple/Vivado_P2_calculator_simple.runs/impl_1/usage_statistics_webtalk.xml' has been successfully sent to Xilinx on Fri Apr  2 12:20:52 2021. For additional details about this file, please refer to the WebTalk help file at /opt/Xilinx/Vivado/2020.1/doc/webtalk_introduction.html.
INFO: [Common 17-83] Releasing license: Implementation
92 Infos, 37 Warnings, 34 Critical Warnings and 0 Errors encountered.
write_bitstream completed successfully
write_bitstream: Time (s): cpu = 00:00:09 ; elapsed = 00:00:13 . Memory (MB): peak = 3170.676 ; gain = 176.129 ; free physical = 14574 ; free virtual = 19237
INFO: [Common 17-206] Exiting Vivado at Fri Apr  2 12:20:52 2021...
